Arguments: 
  /usr/local/bin/node /Users/leiguohui/.yarn/bin/yarn.js install

PATH: 
  /Users/leiguohui/.yarn/bin:/Users/leiguohui/.config/yarn/global/node_modules/.bin:/usr/local/bin:/usr/bin:/bin:/usr/sbin:/sbin:/Users/leiguohui/.yarn/bin:/Users/leiguohui/.config/yarn/global/node_modules/.bin:/Users/leiguohui/.cargo/bin

Yarn version: 
  1.22.5

Node version: 
  14.17.5

Platform: 
  darwin x64

Trace: 
  Error: http://r.cnpmjs.org/vuepress: ESOCKETTIMEDOUT
      at ClientRequest.<anonymous> (/Users/leiguohui/.yarn/lib/cli.js:141376:19)
      at Object.onceWrapper (events.js:519:28)
      at ClientRequest.emit (events.js:400:28)
      at TLSSocket.emitRequestTimeout (_http_client.js:790:9)
      at Object.onceWrapper (events.js:519:28)
      at TLSSocket.emit (events.js:412:35)
      at TLSSocket.Socket._onTimeout (net.js:484:8)
      at listOnTimeout (internal/timers.js:557:17)
      at processTimers (internal/timers.js:500:7)

npm manifest: 
  {
    "name": "blog",
    "version": "1.0.0",
    "main": "index.js",
    "scripts": {
      "docs:dev": "vuepress dev docs",
      "docs:build": "vuepress build docs"
    },
    "author": "lgh <1101668549@qq.com>",
    "license": "MIT",
    "devDependencies": {
      "vuepress": "^2.0.0-beta.38"
    }
  }

yarn manifest: 
  No manifest

Lockfile: 
  No lockfile
